00000000 OPR 2020-05-19 14:06:16.345 25810   775 "WARNING: Warning: Could not load /opt/HPCCSystems/7.8.12/clienttools/filehooks/libgitfile.dylib: dlopen(/opt/HPCCSystems/7.8.12/clienttools/filehooks/libgitfile.dylib, 2): Library not loaded: /usr/local/opt/openssl@1.1/lib/libssl.1.1.dylib
  Referenced from: /opt/HPCCSystems/7.8.12/clienttools/filehooks/libgitfile.dylib
  Reason: image not found"
00000001 PRG 2020-05-19 14:06:16.345 25810   775 "File hook library /opt/HPCCSystems/7.8.12/clienttools/filehooks/libgitfile.dylib could not be loaded"
00000002 PRG 2020-05-19 14:06:16.346 25810   775 "Loading library /opt/HPCCSystems/7.8.12/clienttools/plugins/lib_keylib.ecllib"
00000003 PRG 2020-05-19 14:06:16.347 25810   775 "Loading plugin /opt/HPCCSystems/7.8.12/clienttools/plugins/libdebugservices.dylib[lib_debugservices] version = DEBUGSERVICES 1.0.1"
00000004 PRG 2020-05-19 14:06:16.347 25810   775 "Loading library /opt/HPCCSystems/7.8.12/clienttools/plugins/python.ecllib"
00000005 PRG 2020-05-19 14:06:16.347 25810   775 "Loading library /opt/HPCCSystems/7.8.12/clienttools/plugins/python3.ecllib"
00000006 PRG 2020-05-19 14:06:16.347 25810   775 "Loading library /opt/HPCCSystems/7.8.12/clienttools/plugins/javascript.ecllib"
00000007 PRG 2020-05-19 14:06:16.347 25810   775 "Loading library /opt/HPCCSystems/7.8.12/clienttools/plugins/lib_cryptolib.ecllib"
00000008 PRG 2020-05-19 14:06:16.349 25810   775 "Loading plugin /opt/HPCCSystems/7.8.12/clienttools/plugins/libunicodelib.dylib[lib_unicodelib] version = UNICODELIB 1.1.06"
00000009 PRG 2020-05-19 14:06:16.349 25810   775 "Loading library /opt/HPCCSystems/7.8.12/clienttools/plugins/lib_thorlib.ecllib"
0000000A PRG 2020-05-19 14:06:16.349 25810   775 "Loading library /opt/HPCCSystems/7.8.12/clienttools/plugins/sqlite3.ecllib"
0000000B PRG 2020-05-19 14:06:16.349 25810   775 "Loading library /opt/HPCCSystems/7.8.12/clienttools/plugins/lib_metaphone.ecllib"
0000000C PRG 2020-05-19 14:06:16.350 25810   775 "Loading library /opt/HPCCSystems/7.8.12/clienttools/plugins/mysql.ecllib"
0000000D PRG 2020-05-19 14:06:16.350 25810   775 "Loading library /opt/HPCCSystems/7.8.12/clienttools/plugins/lib_memcached.ecllib"
0000000E PRG 2020-05-19 14:06:16.350 25810   775 "Loading library /opt/HPCCSystems/7.8.12/clienttools/plugins/couchbase.ecllib"
0000000F PRG 2020-05-19 14:06:16.351 25810   775 "Loading plugin /opt/HPCCSystems/7.8.12/clienttools/plugins/liblogging.dylib[lib_logging] version = LOGGING 1.0.1"
00000010 PRG 2020-05-19 14:06:16.352 25810   775 "Loading library /opt/HPCCSystems/7.8.12/clienttools/plugins/lib_redis.ecllib"
00000011 PRG 2020-05-19 14:06:16.352 25810   775 "Loading library /opt/HPCCSystems/7.8.12/clienttools/plugins/lib_eclblas.ecllib"
00000012 PRG 2020-05-19 14:06:16.352 25810   775 "Loading library /opt/HPCCSystems/7.8.12/clienttools/plugins/lib_h3.ecllib"
00000013 PRG 2020-05-19 14:06:16.352 25810   775 "Loading library /opt/HPCCSystems/7.8.12/clienttools/plugins/kafka.ecllib"
00000014 PRG 2020-05-19 14:06:16.352 25810   775 "Loading library /opt/HPCCSystems/7.8.12/clienttools/plugins/lib_word.ecllib"
00000015 PRG 2020-05-19 14:06:16.353 25810   775 "Loading library /opt/HPCCSystems/7.8.12/clienttools/plugins/sqs.ecllib"
00000016 PRG 2020-05-19 14:06:16.431 25810   775 "Loading plugin /opt/HPCCSystems/7.8.12/clienttools/plugins/libfileservices.dylib[lib_fileservices] version = FILESERVICES 2.1.4"
00000017 PRG 2020-05-19 14:06:16.433 25810   775 "Loading plugin /opt/HPCCSystems/7.8.12/clienttools/plugins/libparselib.dylib[lib_parselib] version = PARSELIB 1.0.1"
00000018 PRG 2020-05-19 14:06:16.435 25810   775 "Loading plugin /opt/HPCCSystems/7.8.12/clienttools/plugins/libworkunitservices.dylib[lib_WORKUNITSERVICES] version = WORKUNITSERVICES 1.0.2"
00000019 PRG 2020-05-19 14:06:16.437 25810   775 "Loading plugin /opt/HPCCSystems/7.8.12/clienttools/plugins/libtimelib.dylib[lib_timelib] version = TIMELIB 1.0.0"
0000001A PRG 2020-05-19 14:06:16.437 25810   775 "Loading library /opt/HPCCSystems/7.8.12/clienttools/plugins/java.ecllib"
0000001B PRG 2020-05-19 14:06:16.439 25810   775 "Loading plugin /opt/HPCCSystems/7.8.12/clienttools/plugins/libstringlib.dylib[lib_stringlib] version = STRINGLIB 1.1.14"
0000001C PRG 2020-05-19 14:06:16.439 25810   775 "Loading library /opt/HPCCSystems/7.8.12/clienttools/plugins/R.ecllib"
0000001D PRG 2020-05-19 14:06:16.439 25810   775 "Loading library /opt/HPCCSystems/7.8.12/clienttools/plugins/lib_saltlib.ecllib"
0000001E PRG 2020-05-19 14:06:16.440 25810   775 "Loading plugin /opt/HPCCSystems/7.8.12/clienttools/plugins/libauditlib.dylib[lib_auditlib] version = AUDITLIB 1.0.1"
0000001F USR 2020-05-19 14:06:16.441 25810   775 "WARNING: Duplicate module found at /Users/Matthias/Documents/LexisNexis/EDGAR_Proj/HPCC_SECFilings/./text_parse_test.ecl"
00000020 USR 2020-05-19 14:06:16.441 25810   775 "WARNING: Duplicate module found at /Users/Matthias/Documents/LexisNexis/EDGAR_Proj/HPCC_SECFilings/./textblock_exam.ecl"
00000021 USR 2020-05-19 14:06:16.441 25810   775 "WARNING: Duplicate module found at /Users/Matthias/Documents/LexisNexis/EDGAR_Proj/HPCC_SECFilings/./testtextvec_input.ecl"
00000022 USR 2020-05-19 14:06:16.441 25810   775 "WARNING: Duplicate module found at /Users/Matthias/Documents/LexisNexis/EDGAR_Proj/HPCC_SECFilings/./TextVectors"
00000023 USR 2020-05-19 14:06:16.441 25810   775 "WARNING: Duplicate module found at /Users/Matthias/Documents/LexisNexis/EDGAR_Proj/HPCC_SECFilings/./EDGAR_Extract"
00000024 USR 2020-05-19 14:06:16.441 25810   775 "WARNING: Duplicate module found at /Users/Matthias/Documents/LexisNexis/EDGAR_Proj/HPCC_SECFilings/./testtextvec_output.ecl"
00000025 USR 2020-05-19 14:06:16.442 25810   775 "WARNING: Duplicate module found at /Users/Matthias/Documents/LexisNexis/EDGAR_Proj/HPCC_SECFilings/./test_extract.ecl"
00000026 USR 2020-05-19 14:06:16.442 25810   775 "WARNING: Duplicate module found at /Users/Matthias/Documents/LexisNexis/EDGAR_Proj/HPCC_SECFilings/./ReadXML"
00000027 USR 2020-05-19 14:06:16.442 25810   775 "WARNING: Cannot create archive from cache for testtextvec_output because it is not up to date"
